


------
Rodadas teste para modificações------


	---Rodada n° 1




init caete --- 50 PLSs
--init-time--Thu Oct 19 23:45:51 2017

--CAETE-in-filled--Thu Oct 19 23:45:51 2017
Iniciando multiprocessing - chunks mode
->->-chunck 1 -- gridcell data transfer to dic in 0.222717 seconds
->->-chunck 2 -- gridcell data transfer to dic in 0.187031 seconds
->->-chunck 3 -- gridcell data transfer to dic in 0.173037 seconds
->->-chunck 4 -- gridcell data transfer to dic in 0.186510 seconds
->->-chunck 5 -- gridcell data transfer to dic in 0.163932 seconds
->->-chunck 6 -- gridcell data transfer to dic in 0.203802 seconds
->->-chunck 7 -- gridcell data transfer to dic in 0.194029 seconds
->->-chunck 8 -- gridcell data transfer to dic in 0.192793 seconds
->->-chunck 9 -- gridcell data transfer to dic in 0.194218 seconds
->->-chunck 10 -- gridcell data transfer to dic in 0.163904 seconds
->->-chunck 11 -- gridcell data transfer to dic in 0.198235 seconds
->->-chunck 12 -- gridcell data transfer to dic in 0.174330 seconds
->->-chunck 13 -- gridcell data transfer to dic in 0.195849 seconds
->->-chunck 14 -- gridcell data transfer to dic in 0.180756 seconds
->->-chunck 15 -- gridcell data transfer to dic in 0.181352 seconds
->->-chunck 16 -- gridcell data transfer to dic in 0.172199 seconds
->->-chunck 17 -- gridcell data transfer to dic in 0.186459 seconds
->->-chunck 18 -- gridcell data transfer to dic in 0.161511 seconds
->->-chunck 19 -- gridcell data transfer to dic in 0.197040 seconds
->->-chunck 20 -- gridcell data transfer to dic in 0.170675 seconds
->->-chunck 21 -- gridcell data transfer to dic in 0.194146 seconds
->->-chunck 22 -- gridcell data transfer to dic in 0.175471 seconds
->->-chunck 23 -- gridcell data transfer to dic in 0.193248 seconds
->->-chunck 24 -- gridcell data transfer to dic in 0.197249 seconds
->->-chunck 25 -- gridcell data transfer to dic in 0.172043 seconds
->->-chunck 26 -- gridcell data transfer to dic in 0.151110 seconds
->->-chunck 27 -- gridcell data transfer to dic in 0.151217 seconds
->->-chunck 28 -- gridcell data transfer to dic in 0.153822 seconds
->->-chunck 29 -- gridcell data transfer to dic in 0.167570 seconds
->->-chunck 30 -- gridcell data transfer to dic in 0.169516 seconds
->->-chunck 31 -- gridcell data transfer to dic in 0.199174 seconds
->->-chunck 32 -- gridcell data transfer to dic in 0.161008 seconds
->->-chunck 33 -- gridcell data transfer to dic in 0.195625 seconds
->->-chunck 34 -- gridcell data transfer to dic in 0.173478 seconds
---files_saved in 7.486111 seconds
Elapsed time in model run:  1839.059837 seconds

Modelo aplicado a 67420 localidades-- 50 PLSs
---Fri Oct 20 00:16:30 2017
end_run Fri Oct 20 00:16:30 2017


	---Rodada n° 2




init caete --- 50 PLSs
--init-time--Fri Oct 20 00:16:32 2017

--CAETE-in-filled--Fri Oct 20 00:16:33 2017
Iniciando multiprocessing - chunks mode
->->-chunck 1 -- gridcell data transfer to dic in 0.227824 seconds
->->-chunck 2 -- gridcell data transfer to dic in 0.168937 seconds
->->-chunck 3 -- gridcell data transfer to dic in 0.168547 seconds
->->-chunck 4 -- gridcell data transfer to dic in 0.197157 seconds
->->-chunck 5 -- gridcell data transfer to dic in 0.181730 seconds
->->-chunck 6 -- gridcell data transfer to dic in 0.171067 seconds
->->-chunck 7 -- gridcell data transfer to dic in 0.151984 seconds


	---Rodada n° 3




init caete --- 50 PLSs
--init-time--Fri Oct 20 00:27:46 2017

--CAETE-in-filled--Fri Oct 20 00:27:47 2017
Iniciando multiprocessing - chunks mode



------
asdf------


	---Rodada n° 1




init caete --- 70 PLSs
--init-time--Fri Oct 20 00:30:03 2017

--CAETE-in-filled--Fri Oct 20 00:30:04 2017
Iniciando multiprocessing - chunks mode
->->-chunck 1 -- gridcell data transfer to dic in 0.278730 seconds
->->-chunck 2 -- gridcell data transfer to dic in 0.227845 seconds
->->-chunck 3 -- gridcell data transfer to dic in 0.191085 seconds
->->-chunck 4 -- gridcell data transfer to dic in 0.225338 seconds
->->-chunck 5 -- gridcell data transfer to dic in 0.233808 seconds
->->-chunck 6 -- gridcell data transfer to dic in 0.217004 seconds
->->-chunck 7 -- gridcell data transfer to dic in 0.235965 seconds
->->-chunck 8 -- gridcell data transfer to dic in 0.207861 seconds
->->-chunck 9 -- gridcell data transfer to dic in 0.236041 seconds
->->-chunck 10 -- gridcell data transfer to dic in 0.210850 seconds
->->-chunck 11 -- gridcell data transfer to dic in 0.243421 seconds
->->-chunck 12 -- gridcell data transfer to dic in 0.194546 seconds
->->-chunck 13 -- gridcell data transfer to dic in 0.219587 seconds
->->-chunck 14 -- gridcell data transfer to dic in 0.206503 seconds
->->-chunck 15 -- gridcell data transfer to dic in 0.177864 seconds
->->-chunck 16 -- gridcell data transfer to dic in 0.203324 seconds
->->-chunck 17 -- gridcell data transfer to dic in 0.178113 seconds
->->-chunck 18 -- gridcell data transfer to dic in 0.201413 seconds
->->-chunck 19 -- gridcell data transfer to dic in 0.180236 seconds
->->-chunck 20 -- gridcell data transfer to dic in 0.197143 seconds
->->-chunck 21 -- gridcell data transfer to dic in 0.224418 seconds
->->-chunck 22 -- gridcell data transfer to dic in 0.208961 seconds
->->-chunck 23 -- gridcell data transfer to dic in 0.180145 seconds
->->-chunck 24 -- gridcell data transfer to dic in 0.179463 seconds
->->-chunck 25 -- gridcell data transfer to dic in 0.237547 seconds
->->-chunck 26 -- gridcell data transfer to dic in 0.201185 seconds
->->-chunck 27 -- gridcell data transfer to dic in 0.224513 seconds
->->-chunck 28 -- gridcell data transfer to dic in 0.186328 seconds
->->-chunck 29 -- gridcell data transfer to dic in 0.239136 seconds
->->-chunck 30 -- gridcell data transfer to dic in 0.188064 seconds
->->-chunck 31 -- gridcell data transfer to dic in 0.239997 seconds
->->-chunck 32 -- gridcell data transfer to dic in 0.210088 seconds
->->-chunck 33 -- gridcell data transfer to dic in 0.199554 seconds
->->-chunck 34 -- gridcell data transfer to dic in 0.238247 seconds
---files_saved in 9.340087 seconds
Elapsed time in model run:  1035.625574 seconds

Modelo aplicado a 67420 localidades-- 70 PLSs
---Fri Oct 20 00:47:19 2017
end_run Fri Oct 20 00:47:19 2017


	---Rodada n° 2




init caete --- 70 PLSs
--init-time--Fri Oct 20 00:47:24 2017

--CAETE-in-filled--Fri Oct 20 00:47:24 2017
Iniciando multiprocessing - chunks mode
->->-chunck 1 -- gridcell data transfer to dic in 0.254815 seconds
->->-chunck 2 -- gridcell data transfer to dic in 0.235282 seconds
->->-chunck 3 -- gridcell data transfer to dic in 0.181139 seconds
->->-chunck 4 -- gridcell data transfer to dic in 0.186108 seconds
->->-chunck 5 -- gridcell data transfer to dic in 0.195174 seconds
->->-chunck 6 -- gridcell data transfer to dic in 0.192054 seconds
->->-chunck 7 -- gridcell data transfer to dic in 0.193552 seconds
->->-chunck 8 -- gridcell data transfer to dic in 0.233536 seconds
->->-chunck 9 -- gridcell data transfer to dic in 0.219980 seconds
->->-chunck 10 -- gridcell data transfer to dic in 0.217829 seconds
->->-chunck 11 -- gridcell data transfer to dic in 0.200112 seconds
->->-chunck 12 -- gridcell data transfer to dic in 0.221207 seconds
->->-chunck 13 -- gridcell data transfer to dic in 0.221606 seconds
->->-chunck 14 -- gridcell data transfer to dic in 0.179889 seconds
->->-chunck 15 -- gridcell data transfer to dic in 0.177324 seconds
->->-chunck 16 -- gridcell data transfer to dic in 0.189320 seconds
->->-chunck 17 -- gridcell data transfer to dic in 0.228737 seconds
->->-chunck 18 -- gridcell data transfer to dic in 0.222540 seconds
->->-chunck 19 -- gridcell data transfer to dic in 0.229999 seconds
->->-chunck 20 -- gridcell data transfer to dic in 0.201127 seconds
->->-chunck 21 -- gridcell data transfer to dic in 0.177386 seconds
->->-chunck 22 -- gridcell data transfer to dic in 0.227915 seconds
->->-chunck 23 -- gridcell data transfer to dic in 0.191038 seconds
->->-chunck 24 -- gridcell data transfer to dic in 0.212967 seconds
->->-chunck 25 -- gridcell data transfer to dic in 0.231366 seconds
->->-chunck 26 -- gridcell data transfer to dic in 0.201221 seconds
->->-chunck 27 -- gridcell data transfer to dic in 0.232950 seconds
->->-chunck 28 -- gridcell data transfer to dic in 0.202049 seconds
->->-chunck 29 -- gridcell data transfer to dic in 0.226747 seconds
->->-chunck 30 -- gridcell data transfer to dic in 0.208720 seconds
->->-chunck 31 -- gridcell data transfer to dic in 0.181006 seconds
->->-chunck 32 -- gridcell data transfer to dic in 0.229625 seconds
->->-chunck 33 -- gridcell data transfer to dic in 0.208600 seconds
->->-chunck 34 -- gridcell data transfer to dic in 0.181526 seconds
---files_saved in 9.465944 seconds
Elapsed time in model run:  633.131777 seconds

Modelo aplicado a 67420 localidades-- 70 PLSs
---Fri Oct 20 00:57:57 2017
end_run Fri Oct 20 00:57:57 2017
